  Hotel.cpp
C:\Users\lenovo\Desktop\ФМИ\PROJECT_1_HOTEL\Period.h(13,24): warning C4018: '<': signed/unsigned mismatch
C:\Users\lenovo\Desktop\ФМИ\PROJECT_1_HOTEL\Period.h(23,24): warning C4018: '<=': signed/unsigned mismatch
C:\Users\lenovo\Desktop\ФМИ\PROJECT_1_HOTEL\Period.h(116,24): warning C4018: '<': signed/unsigned mismatch
C:\Users\lenovo\Desktop\ФМИ\PROJECT_1_HOTEL\Period.h(123,24): warning C4018: '<': signed/unsigned mismatch
C:\Users\lenovo\Desktop\ФМИ\PROJECT_1_HOTEL\Hotel.cpp(8,23): warning C4018: '<': signed/unsigned mismatch
C:\Users\lenovo\Desktop\ФМИ\PROJECT_1_HOTEL\Hotel.cpp(40,23): warning C4018: '<': signed/unsigned mismatch
C:\Users\lenovo\Desktop\ФМИ\PROJECT_1_HOTEL\Hotel.cpp(57,23): warning C4018: '<': signed/unsigned mismatch
C:\Users\lenovo\Desktop\ФМИ\PROJECT_1_HOTEL\Hotel.cpp(86,23): warning C4018: '<': signed/unsigned mismatch
C:\Users\lenovo\Desktop\ФМИ\PROJECT_1_HOTEL\Hotel.cpp(105,23): warning C4018: '<': signed/unsigned mismatch
C:\Users\lenovo\Desktop\ФМИ\PROJECT_1_HOTEL\Hotel.cpp(121,23): warning C4018: '<': signed/unsigned mismatch
C:\Users\lenovo\Desktop\ФМИ\PROJECT_1_HOTEL\Hotel.cpp(133,40): warning C4018: '<': signed/unsigned mismatch
C:\Users\lenovo\Desktop\ФМИ\PROJECT_1_HOTEL\Hotel.cpp(151,23): warning C4018: '<': signed/unsigned mismatch
  main.cpp
C:\Users\lenovo\Desktop\ФМИ\PROJECT_1_HOTEL\Period.h(13,24): warning C4018: '<': signed/unsigned mismatch
C:\Users\lenovo\Desktop\ФМИ\PROJECT_1_HOTEL\Period.h(23,24): warning C4018: '<=': signed/unsigned mismatch
C:\Users\lenovo\Desktop\ФМИ\PROJECT_1_HOTEL\Period.h(116,24): warning C4018: '<': signed/unsigned mismatch
C:\Users\lenovo\Desktop\ФМИ\PROJECT_1_HOTEL\Period.h(123,24): warning C4018: '<': signed/unsigned mismatch
C:\Users\lenovo\Desktop\ФМИ\PROJECT_1_HOTEL\main.cpp(7,12): warning C4244: 'argument': conversion from 'time_t' to 'unsigned int', possible loss of data
C:\Users\lenovo\Desktop\ФМИ\PROJECT_1_HOTEL\main.cpp(15,6): warning C4101: 'beds': unreferenced local variable
  Generating Code...
  PROJECT_1_HOTEL.vcxproj -> C:\Users\lenovo\Desktop\ФМИ\PROJECT_1_HOTEL\Debug\PROJECT_1_HOTEL.exe
